2025-09-19 11:53:37,712 [INFO] Device: cuda
2025-09-19 11:53:41,043 [INFO] Training with params:
{
    "adv": false,
    "watermark": {
        "length": 15
    },
    "optimize": {
        "lr": 0.001,
        "lambda_e": 1.0,
        "lambda_m": 0.05,
        "lambda_a": 0.01,
        "lambda_cl": 0.05,
        "batch_size": 4,
        "step_size": 5,
        "gamma": 0.9,
        "betas": [
            0.9,
            0.98
        ],
        "eps": 1e-09,
        "weight_decay": 0.0,
        "grad_clip_thresh": 1.0,
        "grad_acc_step": 8,
        "up_step": 4000,
        "anneal_steps": [
            300000,
            400000,
            500000
        ],
        "anneal_rate": 0.3,
        "lr_disc": 2e-05,
        "alpha": 10
    },
    "contrastive": {
        "loss_type": "info_nce"
    },
    "iter": {
        "epoch": 20,
        "save_circle": 5,
        "show_circle": 100,
        "val_circle": 100
    }
}
Length of train dataset: 12000
2025-09-19 11:53:45,524 [INFO] {
    "loss": 0.2358919,
    "pesq": 1.16835,
    "avg_acc_identity": 0.5333,
    "avg_acc_distorted": 0.55
}
2025-09-19 11:56:11,653 [INFO] {
    "loss": 0.208024,
    "pesq": 1.29713,
    "avg_acc_identity": 0.4963,
    "avg_acc_distorted": 0.498
}
2025-09-19 11:58:40,267 [INFO] {
    "loss": 0.2039442,
    "pesq": 1.19731,
    "avg_acc_identity": 0.5018,
    "avg_acc_distorted": 0.4988
}
2025-09-19 12:01:11,914 [INFO] {
    "loss": 0.2004196,
    "pesq": 1.14281,
    "avg_acc_identity": 0.5327,
    "avg_acc_distorted": 0.5118
}
2025-09-19 12:03:40,253 [INFO] {
    "loss": 0.1952604,
    "pesq": 1.11575,
    "avg_acc_identity": 0.5859,
    "avg_acc_distorted": 0.5316
}
2025-09-19 12:06:08,928 [INFO] {
    "loss": 0.1895683,
    "pesq": 1.10033,
    "avg_acc_identity": 0.6373,
    "avg_acc_distorted": 0.5524
}
2025-09-19 12:08:39,202 [INFO] {
    "loss": 0.184303,
    "pesq": 1.09043,
    "avg_acc_identity": 0.6804,
    "avg_acc_distorted": 0.5707
}
2025-09-19 12:11:08,839 [INFO] {
    "loss": 0.1798897,
    "pesq": 1.08359,
    "avg_acc_identity": 0.715,
    "avg_acc_distorted": 0.5855
}
2025-09-19 12:13:39,129 [INFO] {
    "loss": 0.1756501,
    "pesq": 1.07801,
    "avg_acc_identity": 0.7462,
    "avg_acc_distorted": 0.6023
}
2025-09-19 12:16:08,585 [INFO] {
    "loss": 0.1719322,
    "pesq": 1.07346,
    "avg_acc_identity": 0.7715,
    "avg_acc_distorted": 0.6175
}
2025-09-19 12:18:38,780 [INFO] {
    "loss": 0.1687114,
    "pesq": 1.06985,
    "avg_acc_identity": 0.7919,
    "avg_acc_distorted": 0.633
}
2025-09-19 12:21:12,282 [INFO] {
    "loss": 0.1657424,
    "pesq": 1.06674,
    "avg_acc_identity": 0.8081,
    "avg_acc_distorted": 0.6462
}
2025-09-19 12:23:45,768 [INFO] {
    "loss": 0.1624265,
    "pesq": 1.06409,
    "avg_acc_identity": 0.8218,
    "avg_acc_distorted": 0.6605
}
2025-09-19 12:26:31,100 [INFO] {
    "loss": 0.1592224,
    "pesq": 1.06119,
    "avg_acc_identity": 0.834,
    "avg_acc_distorted": 0.6753
}
2025-09-19 12:29:07,049 [INFO] {
    "loss": 0.1559777,
    "pesq": 1.05895,
    "avg_acc_identity": 0.8449,
    "avg_acc_distorted": 0.6904
}
2025-09-19 12:31:37,222 [INFO] {
    "loss": 0.152875,
    "pesq": 1.05736,
    "avg_acc_identity": 0.8545,
    "avg_acc_distorted": 0.705
}
2025-09-19 12:34:09,540 [INFO] {
    "loss": 0.149954,
    "pesq": 1.05591,
    "avg_acc_identity": 0.8632,
    "avg_acc_distorted": 0.7193
}
2025-09-19 12:36:39,909 [INFO] {
    "loss": 0.1472297,
    "pesq": 1.0549,
    "avg_acc_identity": 0.871,
    "avg_acc_distorted": 0.7322
}
2025-09-19 12:39:11,600 [INFO] {
    "loss": 0.1446976,
    "pesq": 1.05397,
    "avg_acc_identity": 0.878,
    "avg_acc_distorted": 0.7446
}
2025-09-19 12:41:42,415 [INFO] {
    "loss": 0.1422997,
    "pesq": 1.05356,
    "avg_acc_identity": 0.8842,
    "avg_acc_distorted": 0.756
}
2025-09-19 12:44:12,864 [INFO] {
    "loss": 0.140082,
    "pesq": 1.05314,
    "avg_acc_identity": 0.8899,
    "avg_acc_distorted": 0.7669
}
2025-09-19 12:46:42,196 [INFO] {
    "loss": 0.1379919,
    "pesq": 1.05301,
    "avg_acc_identity": 0.8951,
    "avg_acc_distorted": 0.7769
}
2025-09-19 12:49:13,693 [INFO] {
    "loss": 0.136119,
    "pesq": 1.05267,
    "avg_acc_identity": 0.8998,
    "avg_acc_distorted": 0.786
}
2025-09-19 12:51:44,362 [INFO] {
    "loss": 0.1343617,
    "pesq": 1.05214,
    "avg_acc_identity": 0.904,
    "avg_acc_distorted": 0.7944
}
2025-09-19 12:54:13,684 [INFO] {
    "loss": 0.1327039,
    "pesq": 1.05201,
    "avg_acc_identity": 0.9079,
    "avg_acc_distorted": 0.8023
}
2025-09-19 12:56:43,359 [INFO] {
    "loss": 0.1311613,
    "pesq": 1.05185,
    "avg_acc_identity": 0.9116,
    "avg_acc_distorted": 0.8097
}
2025-09-19 12:59:11,846 [INFO] {
    "loss": 0.1297281,
    "pesq": 1.05154,
    "avg_acc_identity": 0.9149,
    "avg_acc_distorted": 0.8165
}
2025-09-19 13:01:41,788 [INFO] {
    "loss": 0.1283462,
    "pesq": 1.05147,
    "avg_acc_identity": 0.9181,
    "avg_acc_distorted": 0.823
}
2025-09-19 13:04:13,077 [INFO] {
    "loss": 0.127063,
    "pesq": 1.05107,
    "avg_acc_identity": 0.921,
    "avg_acc_distorted": 0.8289
}
2025-09-19 13:06:42,959 [INFO] {
    "loss": 0.1258149,
    "pesq": 1.05073,
    "avg_acc_identity": 0.9237,
    "avg_acc_distorted": 0.8346
}
2025-09-19 13:09:13,928 [INFO] {
    "loss": 0.1246513,
    "pesq": 1.05042,
    "avg_acc_identity": 0.9262,
    "avg_acc_distorted": 0.8399
}
2025-09-19 13:09:16,380 [INFO] {
    "loss": 0.0900019,
    "pesq": 1.0421,
    "avg_acc": 1.0
}
2025-09-19 13:10:38,275 [INFO] {
    "loss": 0.0867305,
    "pesq": 1.0382,
    "avg_acc": 0.9995
}
2025-09-19 13:10:59,375 [INFO] Checkpoint saved: model_ckpts/lj/cl/wm_model_lj_pesq_1.0375190749168397_acc_0.9994666666666666.pt | Acc: 0.9994666666666666, PESQ: 1.0375190749168397
2025-09-19 13:10:59,376 [INFO] Decreased lambda m to 0.025
2025-09-19 13:11:04,073 [INFO] {
    "loss": 0.0446894,
    "pesq": 1.03898,
    "avg_acc_identity": 1.0,
    "avg_acc_distorted": 0.9667
}
2025-09-19 13:13:31,461 [INFO] {
    "loss": 0.0460891,
    "pesq": 1.0485,
    "avg_acc_identity": 0.9998,
    "avg_acc_distorted": 0.9922
}
2025-09-19 13:15:59,285 [INFO] {
    "loss": 0.0457813,
    "pesq": 1.0488,
    "avg_acc_identity": 0.9999,
    "avg_acc_distorted": 0.9932
}
2025-09-19 13:18:27,035 [INFO] {
    "loss": 0.0457692,
    "pesq": 1.04932,
    "avg_acc_identity": 0.9999,
    "avg_acc_distorted": 0.9938
}
2025-09-19 13:20:54,412 [INFO] {
    "loss": 0.0458081,
    "pesq": 1.05006,
    "avg_acc_identity": 1.0,
    "avg_acc_distorted": 0.994
}
2025-09-19 13:23:23,850 [INFO] {
    "loss": 0.0456174,
    "pesq": 1.05033,
    "avg_acc_identity": 0.9999,
    "avg_acc_distorted": 0.9942
}
2025-09-19 13:25:51,632 [INFO] {
    "loss": 0.0455644,
    "pesq": 1.05055,
    "avg_acc_identity": 0.9999,
    "avg_acc_distorted": 0.9945
}
2025-09-19 13:28:18,455 [INFO] {
    "loss": 0.0455733,
    "pesq": 1.05057,
    "avg_acc_identity": 0.9999,
    "avg_acc_distorted": 0.9945
}
2025-09-19 13:30:45,084 [INFO] {
    "loss": 0.0454331,
    "pesq": 1.05115,
    "avg_acc_identity": 0.9999,
    "avg_acc_distorted": 0.9947
}
2025-09-19 13:33:11,955 [INFO] {
    "loss": 0.0453727,
    "pesq": 1.05159,
    "avg_acc_identity": 0.9999,
    "avg_acc_distorted": 0.9948
}
2025-09-19 13:35:38,991 [INFO] {
    "loss": 0.0452995,
    "pesq": 1.05174,
    "avg_acc_identity": 0.9999,
    "avg_acc_distorted": 0.995
}
2025-09-19 13:38:08,138 [INFO] {
    "loss": 0.0452618,
    "pesq": 1.05153,
    "avg_acc_identity": 0.9998,
    "avg_acc_distorted": 0.9948
}
2025-09-19 13:40:37,042 [INFO] {
    "loss": 0.0451915,
    "pesq": 1.05183,
    "avg_acc_identity": 0.9998,
    "avg_acc_distorted": 0.9949
}
2025-09-19 13:43:03,356 [INFO] {
    "loss": 0.0451293,
    "pesq": 1.05204,
    "avg_acc_identity": 0.9998,
    "avg_acc_distorted": 0.9949
}
2025-09-19 13:45:30,730 [INFO] {
    "loss": 0.0450827,
    "pesq": 1.05245,
    "avg_acc_identity": 0.9999,
    "avg_acc_distorted": 0.9951
}
2025-09-19 13:47:59,500 [INFO] {
    "loss": 0.0449943,
    "pesq": 1.05277,
    "avg_acc_identity": 0.9999,
    "avg_acc_distorted": 0.9953
}
2025-09-19 13:50:26,924 [INFO] {
    "loss": 0.044957,
    "pesq": 1.05262,
    "avg_acc_identity": 0.9999,
    "avg_acc_distorted": 0.9954
}
2025-09-19 13:52:55,173 [INFO] {
    "loss": 0.0449158,
    "pesq": 1.05259,
    "avg_acc_identity": 0.9999,
    "avg_acc_distorted": 0.9953
}
2025-09-19 13:55:23,445 [INFO] {
    "loss": 0.0448409,
    "pesq": 1.05265,
    "avg_acc_identity": 0.9999,
    "avg_acc_distorted": 0.9955
}
2025-09-19 13:57:49,706 [INFO] {
    "loss": 0.0447828,
    "pesq": 1.05295,
    "avg_acc_identity": 0.9999,
    "avg_acc_distorted": 0.9956
}
2025-09-19 14:00:15,393 [INFO] {
    "loss": 0.0447086,
    "pesq": 1.05331,
    "avg_acc_identity": 0.9999,
    "avg_acc_distorted": 0.9958
}
2025-09-19 14:02:45,553 [INFO] {
    "loss": 0.0446629,
    "pesq": 1.05331,
    "avg_acc_identity": 0.9999,
    "avg_acc_distorted": 0.9958
}
2025-09-19 14:05:12,115 [INFO] {
    "loss": 0.0446301,
    "pesq": 1.05327,
    "avg_acc_identity": 0.9998,
    "avg_acc_distorted": 0.9959
}
2025-09-19 14:07:39,737 [INFO] {
    "loss": 0.0445676,
    "pesq": 1.05337,
    "avg_acc_identity": 0.9999,
    "avg_acc_distorted": 0.996
}
2025-09-19 14:10:05,935 [INFO] {
    "loss": 0.0445216,
    "pesq": 1.05368,
    "avg_acc_identity": 0.9999,
    "avg_acc_distorted": 0.9961
}
2025-09-19 14:12:33,558 [INFO] {
    "loss": 0.0444632,
    "pesq": 1.05379,
    "avg_acc_identity": 0.9999,
    "avg_acc_distorted": 0.9962
}
2025-09-19 14:15:00,870 [INFO] {
    "loss": 0.0444132,
    "pesq": 1.05407,
    "avg_acc_identity": 0.9999,
    "avg_acc_distorted": 0.9963
}
2025-09-19 14:17:27,859 [INFO] {
    "loss": 0.0443538,
    "pesq": 1.05416,
    "avg_acc_identity": 0.9999,
    "avg_acc_distorted": 0.9963
}
2025-09-19 14:19:54,114 [INFO] {
    "loss": 0.0443145,
    "pesq": 1.05431,
    "avg_acc_identity": 0.9999,
    "avg_acc_distorted": 0.9964
}
2025-09-19 14:22:22,163 [INFO] {
    "loss": 0.0442703,
    "pesq": 1.05432,
    "avg_acc_identity": 0.9999,
    "avg_acc_distorted": 0.9964
}
2025-09-19 14:24:50,048 [INFO] {
    "loss": 0.0442233,
    "pesq": 1.05443,
    "avg_acc_identity": 0.9999,
    "avg_acc_distorted": 0.9965
}
2025-09-19 14:24:52,305 [INFO] {
    "loss": 0.043384,
    "pesq": 1.0504,
    "avg_acc": 1.0
}
2025-09-19 14:26:15,513 [INFO] {
    "loss": 0.0426099,
    "pesq": 1.0494,
    "avg_acc": 1.0
}
2025-09-19 14:26:36,783 [INFO] Checkpoint saved: model_ckpts/lj/cl/wm_model_lj_pesq_1.0487759912014007_acc_1.0.pt | Acc: 1.0, PESQ: 1.0487759912014007
2025-09-19 14:26:36,783 [INFO] Decreased lambda m to 0.0125
2025-09-19 14:26:40,299 [INFO] {
    "loss": 0.0236123,
    "pesq": 1.05262,
    "avg_acc_identity": 1.0,
    "avg_acc_distorted": 1.0
}
2025-09-19 14:29:06,033 [INFO] {
    "loss": 0.0222488,
    "pesq": 1.06518,
    "avg_acc_identity": 1.0,
    "avg_acc_distorted": 0.9983
}
2025-09-19 14:31:34,763 [INFO] {
    "loss": 0.0221604,
    "pesq": 1.06728,
    "avg_acc_identity": 1.0,
    "avg_acc_distorted": 0.9983
}
2025-09-19 14:34:02,283 [INFO] {
    "loss": 0.0220143,
    "pesq": 1.07057,
    "avg_acc_identity": 0.9999,
    "avg_acc_distorted": 0.9987
}
2025-09-19 14:36:30,251 [INFO] {
    "loss": 0.0219836,
    "pesq": 1.0731,
    "avg_acc_identity": 0.9999,
    "avg_acc_distorted": 0.9986
}
2025-09-19 14:38:58,144 [INFO] {
    "loss": 0.0219598,
    "pesq": 1.07416,
    "avg_acc_identity": 0.9999,
    "avg_acc_distorted": 0.9985
}
2025-09-19 14:41:28,547 [INFO] {
    "loss": 0.0219788,
    "pesq": 1.07474,
    "avg_acc_identity": 0.9999,
    "avg_acc_distorted": 0.9984
}
2025-09-19 14:43:57,404 [INFO] {
    "loss": 0.0219601,
    "pesq": 1.07536,
    "avg_acc_identity": 0.9999,
    "avg_acc_distorted": 0.9985
}
2025-09-19 14:46:23,305 [INFO] {
    "loss": 0.0219243,
    "pesq": 1.07628,
    "avg_acc_identity": 0.9999,
    "avg_acc_distorted": 0.9985
}
2025-09-19 14:48:48,880 [INFO] {
    "loss": 0.0219079,
    "pesq": 1.07729,
    "avg_acc_identity": 0.9999,
    "avg_acc_distorted": 0.9986
}
2025-09-19 14:51:15,635 [INFO] {
    "loss": 0.021892,
    "pesq": 1.07763,
    "avg_acc_identity": 1.0,
    "avg_acc_distorted": 0.9988
}
2025-09-19 14:53:43,685 [INFO] {
    "loss": 0.0218947,
    "pesq": 1.07906,
    "avg_acc_identity": 0.9999,
    "avg_acc_distorted": 0.9985
}
2025-09-19 14:56:10,097 [INFO] {
    "loss": 0.021914,
    "pesq": 1.07866,
    "avg_acc_identity": 0.9999,
    "avg_acc_distorted": 0.9985
}
2025-09-19 14:58:39,165 [INFO] {
    "loss": 0.0219108,
    "pesq": 1.07896,
    "avg_acc_identity": 0.9999,
    "avg_acc_distorted": 0.9985
}
2025-09-19 15:01:06,806 [INFO] {
    "loss": 0.0219049,
    "pesq": 1.07906,
    "avg_acc_identity": 1.0,
    "avg_acc_distorted": 0.9984
}
2025-09-19 15:03:35,723 [INFO] {
    "loss": 0.0218928,
    "pesq": 1.0795,
    "avg_acc_identity": 1.0,
    "avg_acc_distorted": 0.9985
}
2025-09-19 15:06:03,507 [INFO] {
    "loss": 0.0218727,
    "pesq": 1.07991,
    "avg_acc_identity": 1.0,
    "avg_acc_distorted": 0.9986
}
2025-09-19 15:08:32,009 [INFO] {
    "loss": 0.0218706,
    "pesq": 1.08001,
    "avg_acc_identity": 1.0,
    "avg_acc_distorted": 0.9985
}
2025-09-19 15:10:58,208 [INFO] {
    "loss": 0.0218685,
    "pesq": 1.08035,
    "avg_acc_identity": 1.0,
    "avg_acc_distorted": 0.9985
}
2025-09-19 15:13:26,429 [INFO] {
    "loss": 0.0218591,
    "pesq": 1.08085,
    "avg_acc_identity": 1.0,
    "avg_acc_distorted": 0.9985
}
2025-09-19 15:15:54,000 [INFO] {
    "loss": 0.0218279,
    "pesq": 1.08146,
    "avg_acc_identity": 1.0,
    "avg_acc_distorted": 0.9985
}
2025-09-19 15:18:20,500 [INFO] {
    "loss": 0.0218034,
    "pesq": 1.0819,
    "avg_acc_identity": 1.0,
    "avg_acc_distorted": 0.9986
}
2025-09-19 15:20:48,045 [INFO] {
    "loss": 0.0217886,
    "pesq": 1.08228,
    "avg_acc_identity": 1.0,
    "avg_acc_distorted": 0.9986
}
2025-09-19 15:23:15,042 [INFO] {
    "loss": 0.0217747,
    "pesq": 1.08251,
    "avg_acc_identity": 1.0,
    "avg_acc_distorted": 0.9985
}
2025-09-19 15:25:42,652 [INFO] {
    "loss": 0.0217523,
    "pesq": 1.08275,
    "avg_acc_identity": 1.0,
    "avg_acc_distorted": 0.9985
}
2025-09-19 15:28:10,529 [INFO] {
    "loss": 0.0217411,
    "pesq": 1.08299,
    "avg_acc_identity": 1.0,
    "avg_acc_distorted": 0.9986
}
2025-09-19 15:30:37,507 [INFO] {
    "loss": 0.0217325,
    "pesq": 1.08308,
    "avg_acc_identity": 1.0,
    "avg_acc_distorted": 0.9985
}
2025-09-19 15:33:03,522 [INFO] {
    "loss": 0.0217161,
    "pesq": 1.08313,
    "avg_acc_identity": 1.0,
    "avg_acc_distorted": 0.9986
}
2025-09-19 15:35:30,081 [INFO] {
    "loss": 0.0217077,
    "pesq": 1.08325,
    "avg_acc_identity": 1.0,
    "avg_acc_distorted": 0.9986
}
2025-09-19 15:37:58,022 [INFO] {
    "loss": 0.0216937,
    "pesq": 1.08347,
    "avg_acc_identity": 1.0,
    "avg_acc_distorted": 0.9986
}
2025-09-19 15:40:24,257 [INFO] {
    "loss": 0.0216803,
    "pesq": 1.08378,
    "avg_acc_identity": 1.0,
    "avg_acc_distorted": 0.9986
}
2025-09-19 15:40:26,897 [INFO] {
    "loss": 0.0220905,
    "pesq": 1.0917,
    "avg_acc": 1.0
}
2025-09-19 15:41:45,814 [INFO] {
    "loss": 0.0211959,
    "pesq": 1.0904,
    "avg_acc": 1.0
}
2025-09-19 15:42:05,779 [INFO] Checkpoint saved: model_ckpts/lj/cl/wm_model_lj_pesq_1.0889971210956573_acc_1.0.pt | Acc: 1.0, PESQ: 1.0889971210956573
2025-09-19 15:42:05,779 [INFO] Decreased lambda m to 0.00625
2025-09-19 15:42:10,871 [INFO] {
    "loss": 0.0115508,
    "pesq": 1.07634,
    "avg_acc_identity": 1.0,
    "avg_acc_distorted": 1.0
}
2025-09-19 15:44:34,862 [INFO] {
    "loss": 0.0110225,
    "pesq": 1.11803,
    "avg_acc_identity": 0.9998,
    "avg_acc_distorted": 0.998
}
2025-09-19 15:47:01,197 [INFO] {
    "loss": 0.0110172,
    "pesq": 1.12001,
    "avg_acc_identity": 0.9999,
    "avg_acc_distorted": 0.9986
}
2025-09-19 15:49:30,134 [INFO] {
    "loss": 0.0110219,
    "pesq": 1.12292,
    "avg_acc_identity": 0.9999,
    "avg_acc_distorted": 0.9986
}
2025-09-19 15:51:52,888 [INFO] {
    "loss": 0.0110014,
    "pesq": 1.12967,
    "avg_acc_identity": 0.9999,
    "avg_acc_distorted": 0.9987
}
2025-09-19 15:54:19,477 [INFO] {
    "loss": 0.0110039,
    "pesq": 1.12989,
    "avg_acc_identity": 0.9999,
    "avg_acc_distorted": 0.9987
}
2025-09-19 15:56:45,339 [INFO] {
    "loss": 0.0110088,
    "pesq": 1.12961,
    "avg_acc_identity": 0.9999,
    "avg_acc_distorted": 0.9987
}
2025-09-19 15:59:13,014 [INFO] {
    "loss": 0.0110229,
    "pesq": 1.12939,
    "avg_acc_identity": 0.9999,
    "avg_acc_distorted": 0.9987
}
2025-09-19 16:01:38,620 [INFO] {
    "loss": 0.0110046,
    "pesq": 1.13082,
    "avg_acc_identity": 0.9999,
    "avg_acc_distorted": 0.9988
}
2025-09-19 16:04:03,274 [INFO] {
    "loss": 0.0109933,
    "pesq": 1.13386,
    "avg_acc_identity": 0.9999,
    "avg_acc_distorted": 0.9988
}
2025-09-19 16:06:28,209 [INFO] {
    "loss": 0.0109795,
    "pesq": 1.13594,
    "avg_acc_identity": 0.9999,
    "avg_acc_distorted": 0.9988
}
2025-09-19 16:08:52,170 [INFO] {
    "loss": 0.010996,
    "pesq": 1.13578,
    "avg_acc_identity": 0.9999,
    "avg_acc_distorted": 0.9988
}
2025-09-19 16:11:19,840 [INFO] {
    "loss": 0.0110048,
    "pesq": 1.13605,
    "avg_acc_identity": 0.9999,
    "avg_acc_distorted": 0.9988
}
2025-09-19 16:13:44,447 [INFO] {
    "loss": 0.0109935,
    "pesq": 1.1361,
    "avg_acc_identity": 0.9999,
    "avg_acc_distorted": 0.9987
}
2025-09-19 16:16:09,109 [INFO] {
    "loss": 0.0109862,
    "pesq": 1.13772,
    "avg_acc_identity": 0.9999,
    "avg_acc_distorted": 0.9988
}
2025-09-19 16:18:33,707 [INFO] {
    "loss": 0.0109878,
    "pesq": 1.13689,
    "avg_acc_identity": 0.9999,
    "avg_acc_distorted": 0.9987
}
2025-09-19 16:21:03,257 [INFO] {
    "loss": 0.0110432,
    "pesq": 1.13444,
    "avg_acc_identity": 0.9999,
    "avg_acc_distorted": 0.9984
}
2025-09-19 16:23:26,989 [INFO] {
    "loss": 0.0110614,
    "pesq": 1.13517,
    "avg_acc_identity": 0.9999,
    "avg_acc_distorted": 0.9984
}
2025-09-19 16:25:50,218 [INFO] {
    "loss": 0.0110618,
    "pesq": 1.13776,
    "avg_acc_identity": 0.9999,
    "avg_acc_distorted": 0.9984
}
2025-09-19 16:28:13,915 [INFO] {
    "loss": 0.0110589,
    "pesq": 1.14028,
    "avg_acc_identity": 0.9999,
    "avg_acc_distorted": 0.9984
}
2025-09-19 16:30:38,367 [INFO] {
    "loss": 0.0110564,
    "pesq": 1.14242,
    "avg_acc_identity": 0.9999,
    "avg_acc_distorted": 0.9985
}
2025-09-19 16:33:03,871 [INFO] {
    "loss": 0.011053,
    "pesq": 1.14339,
    "avg_acc_identity": 0.9999,
    "avg_acc_distorted": 0.9985
}
2025-09-19 16:35:29,298 [INFO] {
    "loss": 0.0110484,
    "pesq": 1.14406,
    "avg_acc_identity": 0.9999,
    "avg_acc_distorted": 0.9985
}
2025-09-19 16:37:56,331 [INFO] {
    "loss": 0.0110586,
    "pesq": 1.14407,
    "avg_acc_identity": 0.9999,
    "avg_acc_distorted": 0.9985
}
2025-09-19 16:40:22,093 [INFO] {
    "loss": 0.0110607,
    "pesq": 1.14407,
    "avg_acc_identity": 0.9999,
    "avg_acc_distorted": 0.9985
}
2025-09-19 16:42:47,743 [INFO] {
    "loss": 0.011055,
    "pesq": 1.14501,
    "avg_acc_identity": 0.9999,
    "avg_acc_distorted": 0.9985
}
2025-09-19 16:45:10,061 [INFO] {
    "loss": 0.0110505,
    "pesq": 1.14631,
    "avg_acc_identity": 0.9999,
    "avg_acc_distorted": 0.9986
}
2025-09-19 16:47:34,177 [INFO] {
    "loss": 0.0110404,
    "pesq": 1.14735,
    "avg_acc_identity": 0.9999,
    "avg_acc_distorted": 0.9986
}
2025-09-19 16:50:00,707 [INFO] {
    "loss": 0.0110455,
    "pesq": 1.14672,
    "avg_acc_identity": 0.9999,
    "avg_acc_distorted": 0.9985
}
2025-09-19 16:52:23,725 [INFO] {
    "loss": 0.0110445,
    "pesq": 1.14782,
    "avg_acc_identity": 0.9999,
    "avg_acc_distorted": 0.9985
}
2025-09-19 16:54:47,105 [INFO] {
    "loss": 0.0110382,
    "pesq": 1.14865,
    "avg_acc_identity": 0.9999,
    "avg_acc_distorted": 0.9985
}
2025-09-19 16:54:48,657 [INFO] {
    "loss": 0.0113493,
    "pesq": 1.1604,
    "avg_acc": 1.0
}
2025-09-19 16:56:05,461 [INFO] {
    "loss": 0.0109159,
    "pesq": 1.1639,
    "avg_acc": 1.0
}
2025-09-19 16:56:24,932 [INFO] Checkpoint saved: model_ckpts/lj/cl/wm_model_lj_pesq_1.1622357954978944_acc_1.0.pt | Acc: 1.0, PESQ: 1.1622357954978944
2025-09-19 16:56:24,932 [INFO] Decreased lambda m to 0.003125
2025-09-19 16:56:28,591 [INFO] {
    "loss": 0.0061525,
    "pesq": 1.15436,
    "avg_acc_identity": 1.0,
    "avg_acc_distorted": 1.0
}
2025-09-19 16:58:49,567 [INFO] {
    "loss": 0.0058205,
    "pesq": 1.22741,
    "avg_acc_identity": 1.0,
    "avg_acc_distorted": 0.9985
}
2025-09-19 17:01:11,886 [INFO] {
    "loss": 0.0057939,
    "pesq": 1.22317,
    "avg_acc_identity": 0.9999,
    "avg_acc_distorted": 0.9986
}
2025-09-19 17:03:35,075 [INFO] {
    "loss": 0.005778,
    "pesq": 1.2351,
    "avg_acc_identity": 0.9999,
    "avg_acc_distorted": 0.9989
}
2025-09-19 17:05:55,716 [INFO] {
    "loss": 0.0057607,
    "pesq": 1.24006,
    "avg_acc_identity": 1.0,
    "avg_acc_distorted": 0.999
}
2025-09-19 17:08:18,336 [INFO] {
    "loss": 0.0057429,
    "pesq": 1.23853,
    "avg_acc_identity": 1.0,
    "avg_acc_distorted": 0.999
}
2025-09-19 17:10:39,675 [INFO] {
    "loss": 0.0057541,
    "pesq": 1.23381,
    "avg_acc_identity": 0.9999,
    "avg_acc_distorted": 0.9989
}
2025-09-19 17:13:01,290 [INFO] {
    "loss": 0.0057566,
    "pesq": 1.23337,
    "avg_acc_identity": 1.0,
    "avg_acc_distorted": 0.9989
}
2025-09-19 17:15:22,980 [INFO] {
    "loss": 0.0057555,
    "pesq": 1.23781,
    "avg_acc_identity": 0.9999,
    "avg_acc_distorted": 0.9989
}
2025-09-19 17:17:47,248 [INFO] {
    "loss": 0.0057524,
    "pesq": 1.23861,
    "avg_acc_identity": 0.9999,
    "avg_acc_distorted": 0.9988
}
2025-09-19 17:20:07,314 [INFO] {
    "loss": 0.0057563,
    "pesq": 1.24279,
    "avg_acc_identity": 1.0,
    "avg_acc_distorted": 0.9989
}
2025-09-19 17:22:29,782 [INFO] {
    "loss": 0.0057467,
    "pesq": 1.24612,
    "avg_acc_identity": 1.0,
    "avg_acc_distorted": 0.999
}
2025-09-19 17:24:51,622 [INFO] {
    "loss": 0.0057456,
    "pesq": 1.24787,
    "avg_acc_identity": 1.0,
    "avg_acc_distorted": 0.999
}
2025-09-19 17:27:12,334 [INFO] {
    "loss": 0.0057407,
    "pesq": 1.24843,
    "avg_acc_identity": 0.9999,
    "avg_acc_distorted": 0.999
}
2025-09-19 17:29:33,672 [INFO] {
    "loss": 0.0057366,
    "pesq": 1.25003,
    "avg_acc_identity": 0.9999,
    "avg_acc_distorted": 0.999
}
2025-09-19 17:31:56,335 [INFO] {
    "loss": 0.0057565,
    "pesq": 1.24718,
    "avg_acc_identity": 0.9999,
    "avg_acc_distorted": 0.9989
}
2025-09-19 17:34:18,445 [INFO] {
    "loss": 0.0057588,
    "pesq": 1.24611,
    "avg_acc_identity": 0.9999,
    "avg_acc_distorted": 0.9988
}
2025-09-19 17:36:36,937 [INFO] {
    "loss": 0.0057632,
    "pesq": 1.24776,
    "avg_acc_identity": 1.0,
    "avg_acc_distorted": 0.9989
}
2025-09-19 17:38:56,364 [INFO] {
    "loss": 0.0057587,
    "pesq": 1.25268,
    "avg_acc_identity": 0.9999,
    "avg_acc_distorted": 0.9989
}
2025-09-19 17:41:16,115 [INFO] {
    "loss": 0.0057535,
    "pesq": 1.25579,
    "avg_acc_identity": 0.9999,
    "avg_acc_distorted": 0.9989
}
2025-09-19 17:43:36,633 [INFO] {
    "loss": 0.0057499,
    "pesq": 1.25873,
    "avg_acc_identity": 0.9999,
    "avg_acc_distorted": 0.9988
}
2025-09-19 17:45:59,218 [INFO] {
    "loss": 0.0057602,
    "pesq": 1.25692,
    "avg_acc_identity": 0.9999,
    "avg_acc_distorted": 0.9988
}
2025-09-19 17:48:20,855 [INFO] {
    "loss": 0.0057673,
    "pesq": 1.25609,
    "avg_acc_identity": 0.9999,
    "avg_acc_distorted": 0.9987
}
2025-09-19 17:50:40,297 [INFO] {
    "loss": 0.0057656,
    "pesq": 1.25768,
    "avg_acc_identity": 0.9999,
    "avg_acc_distorted": 0.9988
}
2025-09-19 17:53:00,470 [INFO] {
    "loss": 0.0057612,
    "pesq": 1.25972,
    "avg_acc_identity": 0.9999,
    "avg_acc_distorted": 0.9988
}
2025-09-19 17:55:21,341 [INFO] {
    "loss": 0.0057575,
    "pesq": 1.26125,
    "avg_acc_identity": 0.9999,
    "avg_acc_distorted": 0.9988
}
2025-09-19 17:57:40,509 [INFO] {
    "loss": 0.0057523,
    "pesq": 1.26327,
    "avg_acc_identity": 0.9999,
    "avg_acc_distorted": 0.9988
}
2025-09-19 18:00:05,031 [INFO] {
    "loss": 0.005768,
    "pesq": 1.26044,
    "avg_acc_identity": 0.9999,
    "avg_acc_distorted": 0.9985
}
2025-09-19 18:02:27,442 [INFO] {
    "loss": 0.0057731,
    "pesq": 1.26009,
    "avg_acc_identity": 0.9999,
    "avg_acc_distorted": 0.9984
}
2025-09-19 18:04:48,261 [INFO] {
    "loss": 0.0057722,
    "pesq": 1.26289,
    "avg_acc_identity": 0.9999,
    "avg_acc_distorted": 0.9985
}
2025-09-19 18:07:09,799 [INFO] {
    "loss": 0.0057677,
    "pesq": 1.26519,
    "avg_acc_identity": 0.9999,
    "avg_acc_distorted": 0.9985
}
2025-09-19 18:07:13,149 [INFO] {
    "loss": 0.0059091,
    "pesq": 1.3295,
    "avg_acc": 1.0
}
2025-09-19 18:08:25,324 [INFO] {
    "loss": 0.005656,
    "pesq": 1.3113,
    "avg_acc": 0.9998
}
2025-09-19 18:08:43,661 [INFO] Checkpoint saved: model_ckpts/lj/cl/wm_model_lj_pesq_1.3086652846336364_acc_0.9997333333333334.pt | Acc: 0.9997333333333334, PESQ: 1.3086652846336364
2025-09-19 18:08:43,661 [INFO] Decreased lambda m to 0.0015625
2025-09-19 18:08:48,525 [INFO] {
    "loss": 0.0029686,
    "pesq": 1.28507,
    "avg_acc_identity": 1.0,
    "avg_acc_distorted": 1.0
}
2025-09-19 18:11:07,340 [INFO] {
    "loss": 0.0031537,
    "pesq": 1.38646,
    "avg_acc_identity": 1.0,
    "avg_acc_distorted": 0.9985
}
2025-09-19 18:13:25,485 [INFO] {
    "loss": 0.0030999,
    "pesq": 1.40745,
    "avg_acc_identity": 1.0,
    "avg_acc_distorted": 0.9987
}
2025-09-19 18:15:41,499 [INFO] {
    "loss": 0.0030943,
    "pesq": 1.41893,
    "avg_acc_identity": 1.0,
    "avg_acc_distorted": 0.9989
}
2025-09-19 18:17:57,938 [INFO] {
    "loss": 0.0030856,
    "pesq": 1.42491,
    "avg_acc_identity": 1.0,
    "avg_acc_distorted": 0.999
}
2025-09-19 18:20:15,580 [INFO] {
    "loss": 0.0030866,
    "pesq": 1.41809,
    "avg_acc_identity": 1.0,
    "avg_acc_distorted": 0.9991
}
2025-09-19 18:22:31,804 [INFO] {
    "loss": 0.0030851,
    "pesq": 1.42188,
    "avg_acc_identity": 1.0,
    "avg_acc_distorted": 0.9992
}
2025-09-19 18:24:49,515 [INFO] {
    "loss": 0.0030772,
    "pesq": 1.42825,
    "avg_acc_identity": 1.0,
    "avg_acc_distorted": 0.9991
}
2025-09-19 18:27:06,862 [INFO] {
    "loss": 0.003074,
    "pesq": 1.43367,
    "avg_acc_identity": 1.0,
    "avg_acc_distorted": 0.9992
}
2025-09-19 18:29:25,773 [INFO] {
    "loss": 0.0030831,
    "pesq": 1.42891,
    "avg_acc_identity": 1.0,
    "avg_acc_distorted": 0.9989
}
2025-09-19 18:31:43,208 [INFO] {
    "loss": 0.0030909,
    "pesq": 1.42402,
    "avg_acc_identity": 1.0,
    "avg_acc_distorted": 0.9987
}
2025-09-19 18:33:59,614 [INFO] {
    "loss": 0.0030888,
    "pesq": 1.42663,
    "avg_acc_identity": 1.0,
    "avg_acc_distorted": 0.9988
}
2025-09-19 18:36:16,515 [INFO] {
    "loss": 0.0030867,
    "pesq": 1.43364,
    "avg_acc_identity": 1.0,
    "avg_acc_distorted": 0.9989
}
2025-09-19 18:38:34,244 [INFO] {
    "loss": 0.0030874,
    "pesq": 1.43867,
    "avg_acc_identity": 0.9999,
    "avg_acc_distorted": 0.9988
}
2025-09-19 18:40:53,562 [INFO] {
    "loss": 0.0030999,
    "pesq": 1.43269,
    "avg_acc_identity": 0.9999,
    "avg_acc_distorted": 0.9988
}
2025-09-19 18:43:10,980 [INFO] {
    "loss": 0.0031006,
    "pesq": 1.43165,
    "avg_acc_identity": 0.9999,
    "avg_acc_distorted": 0.9988
}
2025-09-19 18:45:27,632 [INFO] {
    "loss": 0.0030969,
    "pesq": 1.4382,
    "avg_acc_identity": 0.9999,
    "avg_acc_distorted": 0.9988
}
2025-09-19 18:47:43,547 [INFO] {
    "loss": 0.0030977,
    "pesq": 1.4407,
    "avg_acc_identity": 0.9999,
    "avg_acc_distorted": 0.9988
}
2025-09-19 18:50:01,929 [INFO] {
    "loss": 0.0031026,
    "pesq": 1.43692,
    "avg_acc_identity": 0.9999,
    "avg_acc_distorted": 0.9987
}
2025-09-19 18:52:18,008 [INFO] {
    "loss": 0.0031016,
    "pesq": 1.43939,
    "avg_acc_identity": 0.9999,
    "avg_acc_distorted": 0.9986
}
2025-09-19 18:54:35,377 [INFO] {
    "loss": 0.0031007,
    "pesq": 1.44213,
    "avg_acc_identity": 0.9999,
    "avg_acc_distorted": 0.9987
}
2025-09-19 18:56:52,185 [INFO] {
    "loss": 0.0030995,
    "pesq": 1.44476,
    "avg_acc_identity": 0.9999,
    "avg_acc_distorted": 0.9987
}
2025-09-19 18:59:08,678 [INFO] {
    "loss": 0.003098,
    "pesq": 1.44679,
    "avg_acc_identity": 0.9999,
    "avg_acc_distorted": 0.9987
}
2025-09-19 19:01:23,721 [INFO] {
    "loss": 0.0030969,
    "pesq": 1.4492,
    "avg_acc_identity": 0.9999,
    "avg_acc_distorted": 0.9987
}
2025-09-19 19:03:39,667 [INFO] {
    "loss": 0.003099,
    "pesq": 1.44792,
    "avg_acc_identity": 0.9999,
    "avg_acc_distorted": 0.9987
}
2025-09-19 19:05:57,775 [INFO] {
    "loss": 0.0031037,
    "pesq": 1.44447,
    "avg_acc_identity": 0.9999,
    "avg_acc_distorted": 0.9986
}
2025-09-19 19:08:14,187 [INFO] {
    "loss": 0.0031071,
    "pesq": 1.4427,
    "avg_acc_identity": 0.9999,
    "avg_acc_distorted": 0.9986
}
2025-09-19 19:10:31,498 [INFO] {
    "loss": 0.0031094,
    "pesq": 1.44225,
    "avg_acc_identity": 0.9999,
    "avg_acc_distorted": 0.9986
}
2025-09-19 19:12:48,648 [INFO] {
    "loss": 0.0031089,
    "pesq": 1.44258,
    "avg_acc_identity": 0.9999,
    "avg_acc_distorted": 0.9986
}
2025-09-19 19:15:04,972 [INFO] {
    "loss": 0.0031085,
    "pesq": 1.44544,
    "avg_acc_identity": 0.9999,
    "avg_acc_distorted": 0.9987
}
2025-09-19 19:17:20,656 [INFO] {
    "loss": 0.0031083,
    "pesq": 1.44807,
    "avg_acc_identity": 0.9999,
    "avg_acc_distorted": 0.9987
}
2025-09-19 19:17:22,421 [INFO] {
    "loss": 0.002919,
    "pesq": 1.5553,
    "avg_acc": 1.0
}
2025-09-19 19:18:31,631 [INFO] {
    "loss": 0.0030365,
    "pesq": 1.5494,
    "avg_acc": 1.0
}
2025-09-19 19:18:48,789 [INFO] Checkpoint saved: model_ckpts/lj/cl/wm_model_lj_pesq_1.5472262995243073_acc_1.0.pt | Acc: 1.0, PESQ: 1.5472262995243073
2025-09-19 19:18:48,789 [INFO] Decreased lambda m to 0.00078125
2025-09-19 19:18:52,570 [INFO] {
    "loss": 0.0016784,
    "pesq": 1.53365,
    "avg_acc_identity": 1.0,
    "avg_acc_distorted": 1.0
}
2025-09-19 19:21:07,334 [INFO] {
    "loss": 0.0017089,
    "pesq": 1.63992,
    "avg_acc_identity": 1.0,
    "avg_acc_distorted": 0.9993
}
2025-09-19 19:23:22,004 [INFO] {
    "loss": 0.001743,
    "pesq": 1.64486,
    "avg_acc_identity": 1.0,
    "avg_acc_distorted": 0.9994
}
2025-09-19 19:25:37,170 [INFO] {
    "loss": 0.0017498,
    "pesq": 1.65413,
    "avg_acc_identity": 0.9999,
    "avg_acc_distorted": 0.9996
}
2025-09-19 19:27:52,589 [INFO] {
    "loss": 0.0017418,
    "pesq": 1.66543,
    "avg_acc_identity": 1.0,
    "avg_acc_distorted": 0.9995
}
2025-09-19 19:30:07,697 [INFO] {
    "loss": 0.0017464,
    "pesq": 1.66008,
    "avg_acc_identity": 1.0,
    "avg_acc_distorted": 0.9994
}
2025-09-19 19:32:23,178 [INFO] {
    "loss": 0.0017634,
    "pesq": 1.6421,
    "avg_acc_identity": 1.0,
    "avg_acc_distorted": 0.9993
}
2025-09-19 19:34:38,835 [INFO] {
    "loss": 0.0017668,
    "pesq": 1.63784,
    "avg_acc_identity": 1.0,
    "avg_acc_distorted": 0.999
}
2025-09-19 19:36:54,275 [INFO] {
    "loss": 0.0017675,
    "pesq": 1.63504,
    "avg_acc_identity": 1.0,
    "avg_acc_distorted": 0.999
}
2025-09-19 19:39:09,568 [INFO] {
    "loss": 0.0017683,
    "pesq": 1.64502,
    "avg_acc_identity": 1.0,
    "avg_acc_distorted": 0.999
}
2025-09-19 19:41:25,601 [INFO] {
    "loss": 0.0017653,
    "pesq": 1.6533,
    "avg_acc_identity": 1.0,
    "avg_acc_distorted": 0.999
}
2025-09-19 19:43:41,053 [INFO] {
    "loss": 0.0017625,
    "pesq": 1.65989,
    "avg_acc_identity": 1.0,
    "avg_acc_distorted": 0.9991
}
2025-09-19 19:45:56,818 [INFO] {
    "loss": 0.0017657,
    "pesq": 1.65488,
    "avg_acc_identity": 1.0,
    "avg_acc_distorted": 0.9991
}
2025-09-19 19:48:12,920 [INFO] {
    "loss": 0.0017698,
    "pesq": 1.64873,
    "avg_acc_identity": 1.0,
    "avg_acc_distorted": 0.999
}
2025-09-19 19:50:27,185 [INFO] {
    "loss": 0.0017711,
    "pesq": 1.6456,
    "avg_acc_identity": 1.0,
    "avg_acc_distorted": 0.999
}
2025-09-19 19:52:41,673 [INFO] {
    "loss": 0.001772,
    "pesq": 1.65049,
    "avg_acc_identity": 1.0,
    "avg_acc_distorted": 0.999
}
2025-09-19 19:54:56,590 [INFO] {
    "loss": 0.0017706,
    "pesq": 1.6568,
    "avg_acc_identity": 1.0,
    "avg_acc_distorted": 0.999
}
2025-09-19 19:57:11,270 [INFO] {
    "loss": 0.0017711,
    "pesq": 1.66034,
    "avg_acc_identity": 1.0,
    "avg_acc_distorted": 0.999
}
2025-09-19 19:59:26,031 [INFO] {
    "loss": 0.0017669,
    "pesq": 1.66417,
    "avg_acc_identity": 1.0,
    "avg_acc_distorted": 0.9991
}
2025-09-19 20:01:43,074 [INFO] {
    "loss": 0.0017669,
    "pesq": 1.66584,
    "avg_acc_identity": 1.0,
    "avg_acc_distorted": 0.9991
}
2025-09-19 20:03:58,521 [INFO] {
    "loss": 0.0017668,
    "pesq": 1.66639,
    "avg_acc_identity": 1.0,
    "avg_acc_distorted": 0.9991
}
2025-09-19 20:06:13,807 [INFO] {
    "loss": 0.001766,
    "pesq": 1.66863,
    "avg_acc_identity": 1.0,
    "avg_acc_distorted": 0.9991
}
2025-09-19 20:08:28,648 [INFO] {
    "loss": 0.0017673,
    "pesq": 1.6711,
    "avg_acc_identity": 1.0,
    "avg_acc_distorted": 0.9991
}
2025-09-19 20:10:44,036 [INFO] {
    "loss": 0.0017688,
    "pesq": 1.66947,
    "avg_acc_identity": 0.9999,
    "avg_acc_distorted": 0.9991
}
2025-09-19 20:12:59,255 [INFO] {
    "loss": 0.0017672,
    "pesq": 1.67319,
    "avg_acc_identity": 0.9999,
    "avg_acc_distorted": 0.9992
}
2025-09-19 20:15:14,411 [INFO] {
    "loss": 0.001766,
    "pesq": 1.67564,
    "avg_acc_identity": 0.9999,
    "avg_acc_distorted": 0.9991
}
2025-09-19 20:17:29,218 [INFO] {
    "loss": 0.0017664,
    "pesq": 1.67686,
    "avg_acc_identity": 0.9999,
    "avg_acc_distorted": 0.9992
}
2025-09-19 20:19:44,887 [INFO] {
    "loss": 0.0017651,
    "pesq": 1.6744,
    "avg_acc_identity": 0.9999,
    "avg_acc_distorted": 0.9991
}
2025-09-19 20:21:59,733 [INFO] {
    "loss": 0.0017669,
    "pesq": 1.67168,
    "avg_acc_identity": 0.9999,
    "avg_acc_distorted": 0.999
}
2025-09-19 20:24:16,891 [INFO] {
    "loss": 0.001766,
    "pesq": 1.6724,
    "avg_acc_identity": 0.9999,
    "avg_acc_distorted": 0.9991
}
2025-09-19 20:26:32,001 [INFO] {
    "loss": 0.0017649,
    "pesq": 1.67514,
    "avg_acc_identity": 0.9999,
    "avg_acc_distorted": 0.9991
}
2025-09-19 20:26:34,878 [INFO] {
    "loss": 0.0016972,
    "pesq": 1.8095,
    "avg_acc": 1.0
}
2025-09-19 20:27:42,451 [INFO] {
    "loss": 0.0017321,
    "pesq": 1.7507,
    "avg_acc": 1.0
}
2025-09-19 20:27:59,776 [INFO] Checkpoint saved: model_ckpts/lj/cl/wm_model_lj_pesq_1.7486411027908326_acc_1.0.pt | Acc: 1.0, PESQ: 1.7486411027908326
2025-09-19 20:27:59,776 [INFO] Decreased lambda m to 0.000390625
2025-09-19 20:28:03,937 [INFO] {
    "loss": 0.0008443,
    "pesq": 1.57221,
    "avg_acc_identity": 1.0,
    "avg_acc_distorted": 1.0
}
2025-09-19 20:30:17,600 [INFO] {
    "loss": 0.0010925,
    "pesq": 1.84778,
    "avg_acc_identity": 1.0,
    "avg_acc_distorted": 0.9995
}
2025-09-19 20:32:32,054 [INFO] {
    "loss": 0.0010824,
    "pesq": 1.86921,
    "avg_acc_identity": 1.0,
    "avg_acc_distorted": 0.9994
}
2025-09-19 20:34:49,054 [INFO] {
    "loss": 0.0010777,
    "pesq": 1.88515,
    "avg_acc_identity": 0.9999,
    "avg_acc_distorted": 0.9993
}
2025-09-19 20:37:04,105 [INFO] {
    "loss": 0.0010772,
    "pesq": 1.89561,
    "avg_acc_identity": 1.0,
    "avg_acc_distorted": 0.9992
}
2025-09-19 20:39:17,812 [INFO] {
    "loss": 0.0010819,
    "pesq": 1.88026,
    "avg_acc_identity": 1.0,
    "avg_acc_distorted": 0.9986
}
2025-09-19 20:41:32,510 [INFO] {
    "loss": 0.0010792,
    "pesq": 1.86432,
    "avg_acc_identity": 1.0,
    "avg_acc_distorted": 0.9982
}
2025-09-19 20:43:46,661 [INFO] {
    "loss": 0.0010765,
    "pesq": 1.87132,
    "avg_acc_identity": 1.0,
    "avg_acc_distorted": 0.9983
}
2025-09-19 20:46:01,141 [INFO] {
    "loss": 0.0010755,
    "pesq": 1.87974,
    "avg_acc_identity": 1.0,
    "avg_acc_distorted": 0.9984
}
2025-09-19 20:48:16,728 [INFO] {
    "loss": 0.0010726,
    "pesq": 1.88824,
    "avg_acc_identity": 1.0,
    "avg_acc_distorted": 0.9984
}
2025-09-19 20:50:32,064 [INFO] {
    "loss": 0.0010748,
    "pesq": 1.89244,
    "avg_acc_identity": 1.0,
    "avg_acc_distorted": 0.9984
}
2025-09-19 20:52:47,581 [INFO] {
    "loss": 0.0010786,
    "pesq": 1.89321,
    "avg_acc_identity": 1.0,
    "avg_acc_distorted": 0.9984
}
2025-09-19 20:55:02,076 [INFO] {
    "loss": 0.0010784,
    "pesq": 1.89323,
    "avg_acc_identity": 1.0,
    "avg_acc_distorted": 0.9984
}
2025-09-19 20:57:16,147 [INFO] {
    "loss": 0.0010803,
    "pesq": 1.89895,
    "avg_acc_identity": 1.0,
    "avg_acc_distorted": 0.9985
}
2025-09-19 20:59:30,317 [INFO] {
    "loss": 0.0010807,
    "pesq": 1.8972,
    "avg_acc_identity": 1.0,
    "avg_acc_distorted": 0.9985
}
2025-09-19 21:01:44,140 [INFO] {
    "loss": 0.0010821,
    "pesq": 1.89214,
    "avg_acc_identity": 1.0,
    "avg_acc_distorted": 0.9985
}
2025-09-19 21:03:58,375 [INFO] {
    "loss": 0.0010817,
    "pesq": 1.8922,
    "avg_acc_identity": 1.0,
    "avg_acc_distorted": 0.9985
}
2025-09-19 21:06:11,968 [INFO] {
    "loss": 0.0010808,
    "pesq": 1.89543,
    "avg_acc_identity": 1.0,
    "avg_acc_distorted": 0.9986
}
2025-09-19 21:08:25,817 [INFO] {
    "loss": 0.0010813,
    "pesq": 1.89705,
    "avg_acc_identity": 1.0,
    "avg_acc_distorted": 0.9986
}
2025-09-19 21:10:40,314 [INFO] {
    "loss": 0.0010825,
    "pesq": 1.90121,
    "avg_acc_identity": 1.0,
    "avg_acc_distorted": 0.9986
}
2025-09-19 21:12:54,548 [INFO] {
    "loss": 0.0010833,
    "pesq": 1.9006,
    "avg_acc_identity": 1.0,
    "avg_acc_distorted": 0.9986
}
2025-09-19 21:15:09,719 [INFO] {
    "loss": 0.0010837,
    "pesq": 1.90065,
    "avg_acc_identity": 1.0,
    "avg_acc_distorted": 0.9987
}
2025-09-19 21:17:23,811 [INFO] {
    "loss": 0.0010831,
    "pesq": 1.89984,
    "avg_acc_identity": 1.0,
    "avg_acc_distorted": 0.9987
}
2025-09-19 21:19:39,255 [INFO] {
    "loss": 0.0010838,
    "pesq": 1.89745,
    "avg_acc_identity": 1.0,
    "avg_acc_distorted": 0.9987
}
2025-09-19 21:21:53,349 [INFO] {
    "loss": 0.0010846,
    "pesq": 1.89732,
    "avg_acc_identity": 1.0,
    "avg_acc_distorted": 0.9987
}
2025-09-19 21:24:06,883 [INFO] {
    "loss": 0.0010837,
    "pesq": 1.89599,
    "avg_acc_identity": 1.0,
    "avg_acc_distorted": 0.9987
}
2025-09-19 21:26:20,374 [INFO] {
    "loss": 0.0010842,
    "pesq": 1.89799,
    "avg_acc_identity": 1.0,
    "avg_acc_distorted": 0.9987
}
2025-09-19 21:28:33,959 [INFO] {
    "loss": 0.0010836,
    "pesq": 1.89873,
    "avg_acc_identity": 1.0,
    "avg_acc_distorted": 0.9987
}
2025-09-19 21:30:49,373 [INFO] {
    "loss": 0.0010857,
    "pesq": 1.89424,
    "avg_acc_identity": 1.0,
    "avg_acc_distorted": 0.9986
}
2025-09-19 21:33:03,754 [INFO] {
    "loss": 0.0010871,
    "pesq": 1.89433,
    "avg_acc_identity": 1.0,
    "avg_acc_distorted": 0.9986
}
2025-09-19 21:35:18,824 [INFO] {
    "loss": 0.0010876,
    "pesq": 1.89462,
    "avg_acc_identity": 1.0,
    "avg_acc_distorted": 0.9986
}
2025-09-19 21:35:20,963 [INFO] {
    "loss": 0.0009868,
    "pesq": 1.9336,
    "avg_acc": 1.0
}
2025-09-19 21:36:28,118 [INFO] {
    "loss": 0.0010743,
    "pesq": 1.9512,
    "avg_acc": 0.9998
}
2025-09-19 21:36:45,193 [INFO] Checkpoint saved: model_ckpts/lj/cl/wm_model_lj_pesq_1.9516217646598817_acc_0.9998666666666667.pt | Acc: 0.9998666666666667, PESQ: 1.9516217646598817
2025-09-19 21:36:45,193 [INFO] Decreased lambda m to 0.0001953125
2025-09-19 21:36:48,251 [INFO] {
    "loss": 0.0007073,
    "pesq": 1.84576,
    "avg_acc_identity": 1.0,
    "avg_acc_distorted": 1.0
}
2025-09-19 21:39:01,360 [INFO] {
    "loss": 0.0007568,
    "pesq": 1.98397,
    "avg_acc_identity": 1.0,
    "avg_acc_distorted": 0.999
}
2025-09-19 21:41:15,079 [INFO] {
    "loss": 0.0007378,
    "pesq": 2.02911,
    "avg_acc_identity": 1.0,
    "avg_acc_distorted": 0.9987
}
2025-09-19 21:43:27,015 [INFO] {
    "loss": 0.0007518,
    "pesq": 2.0689,
    "avg_acc_identity": 1.0,
    "avg_acc_distorted": 0.9989
}
2025-09-19 21:45:41,113 [INFO] {
    "loss": 0.0007467,
    "pesq": 2.08373,
    "avg_acc_identity": 1.0,
    "avg_acc_distorted": 0.9987
}
2025-09-19 21:47:56,423 [INFO] {
    "loss": 0.0007397,
    "pesq": 2.08707,
    "avg_acc_identity": 1.0,
    "avg_acc_distorted": 0.9986
}
2025-09-19 21:50:11,636 [INFO] {
    "loss": 0.0007425,
    "pesq": 2.08626,
    "avg_acc_identity": 1.0,
    "avg_acc_distorted": 0.9986
}
2025-09-19 21:52:25,312 [INFO] {
    "loss": 0.0007474,
    "pesq": 2.08621,
    "avg_acc_identity": 1.0,
    "avg_acc_distorted": 0.9985
}
2025-09-19 21:54:39,299 [INFO] {
    "loss": 0.0007454,
    "pesq": 2.08855,
    "avg_acc_identity": 1.0,
    "avg_acc_distorted": 0.9985
}
2025-09-19 21:56:52,874 [INFO] {
    "loss": 0.0007422,
    "pesq": 2.08924,
    "avg_acc_identity": 1.0,
    "avg_acc_distorted": 0.9985
}
2025-09-19 21:59:06,225 [INFO] {
    "loss": 0.000742,
    "pesq": 2.0969,
    "avg_acc_identity": 1.0,
    "avg_acc_distorted": 0.9985
}
2025-09-19 22:01:19,986 [INFO] {
    "loss": 0.0007403,
    "pesq": 2.10229,
    "avg_acc_identity": 1.0,
    "avg_acc_distorted": 0.9986
}
2025-09-19 22:03:34,078 [INFO] {
    "loss": 0.0007389,
    "pesq": 2.10442,
    "avg_acc_identity": 1.0,
    "avg_acc_distorted": 0.9986
}
2025-09-19 22:05:47,461 [INFO] {
    "loss": 0.0007418,
    "pesq": 2.10584,
    "avg_acc_identity": 1.0,
    "avg_acc_distorted": 0.9985
}
2025-09-19 22:08:01,858 [INFO] {
    "loss": 0.0007411,
    "pesq": 2.0998,
    "avg_acc_identity": 1.0,
    "avg_acc_distorted": 0.9985
}
2025-09-19 22:10:15,798 [INFO] {
    "loss": 0.0007435,
    "pesq": 2.09794,
    "avg_acc_identity": 1.0,
    "avg_acc_distorted": 0.9984
}
2025-09-19 22:12:29,308 [INFO] {
    "loss": 0.0007413,
    "pesq": 2.09835,
    "avg_acc_identity": 1.0,
    "avg_acc_distorted": 0.9985
}
2025-09-19 22:14:42,355 [INFO] {
    "loss": 0.0007405,
    "pesq": 2.10252,
    "avg_acc_identity": 1.0,
    "avg_acc_distorted": 0.9985
}
2025-09-19 22:16:56,411 [INFO] {
    "loss": 0.0007422,
    "pesq": 2.105,
    "avg_acc_identity": 1.0,
    "avg_acc_distorted": 0.9985
}
2025-09-19 22:19:09,746 [INFO] {
    "loss": 0.0007427,
    "pesq": 2.10669,
    "avg_acc_identity": 1.0,
    "avg_acc_distorted": 0.9986
}
2025-09-19 22:21:23,182 [INFO] {
    "loss": 0.0007422,
    "pesq": 2.10765,
    "avg_acc_identity": 1.0,
    "avg_acc_distorted": 0.9985
}
2025-09-19 22:23:37,076 [INFO] {
    "loss": 0.0007423,
    "pesq": 2.10444,
    "avg_acc_identity": 1.0,
    "avg_acc_distorted": 0.9985
}
2025-09-19 22:25:50,415 [INFO] {
    "loss": 0.0007422,
    "pesq": 2.10353,
    "avg_acc_identity": 1.0,
    "avg_acc_distorted": 0.9984
}
2025-09-19 22:28:04,374 [INFO] {
    "loss": 0.000741,
    "pesq": 2.10488,
    "avg_acc_identity": 1.0,
    "avg_acc_distorted": 0.9984
}
2025-09-19 22:30:18,223 [INFO] {
    "loss": 0.0007406,
    "pesq": 2.10535,
    "avg_acc_identity": 1.0,
    "avg_acc_distorted": 0.9984
}
2025-09-19 22:32:31,960 [INFO] {
    "loss": 0.00074,
    "pesq": 2.10723,
    "avg_acc_identity": 1.0,
    "avg_acc_distorted": 0.9984
}
2025-09-19 22:34:46,578 [INFO] {
    "loss": 0.0007396,
    "pesq": 2.10895,
    "avg_acc_identity": 1.0,
    "avg_acc_distorted": 0.9985
}
2025-09-19 22:36:59,726 [INFO] {
    "loss": 0.0007398,
    "pesq": 2.10819,
    "avg_acc_identity": 1.0,
    "avg_acc_distorted": 0.9985
}
2025-09-19 22:39:14,318 [INFO] {
    "loss": 0.0007394,
    "pesq": 2.10421,
    "avg_acc_identity": 1.0,
    "avg_acc_distorted": 0.9982
}
2025-09-19 22:41:27,439 [INFO] {
    "loss": 0.0007406,
    "pesq": 2.10409,
    "avg_acc_identity": 1.0,
    "avg_acc_distorted": 0.9982
}
2025-09-19 22:43:41,137 [INFO] {
    "loss": 0.0007402,
    "pesq": 2.10466,
    "avg_acc_identity": 1.0,
    "avg_acc_distorted": 0.9982
}
2025-09-19 22:43:43,245 [INFO] {
    "loss": 0.0006535,
    "pesq": 2.2247,
    "avg_acc": 1.0
}
2025-09-19 22:44:50,515 [INFO] {
    "loss": 0.000733,
    "pesq": 2.1641,
    "avg_acc": 1.0
}
2025-09-19 22:45:07,541 [INFO] Checkpoint saved: model_ckpts/lj/cl/wm_model_lj_pesq_2.1626937227249146_acc_1.0.pt | Acc: 1.0, PESQ: 2.1626937227249146
2025-09-19 22:45:07,541 [INFO] Decreased lambda m to 9.765625e-05
2025-09-19 22:45:10,987 [INFO] {
    "loss": 0.0003488,
    "pesq": 2.17263,
    "avg_acc_identity": 1.0,
    "avg_acc_distorted": 1.0
}
2025-09-19 22:47:22,622 [INFO] {
    "loss": 0.0005697,
    "pesq": 2.24115,
    "avg_acc_identity": 1.0,
    "avg_acc_distorted": 0.9988
}
2025-09-19 22:49:36,076 [INFO] {
    "loss": 0.0005662,
    "pesq": 2.278,
    "avg_acc_identity": 0.9999,
    "avg_acc_distorted": 0.9986
}
2025-09-19 22:51:49,827 [INFO] {
    "loss": 0.0005637,
    "pesq": 2.29577,
    "avg_acc_identity": 0.9999,
    "avg_acc_distorted": 0.9984
}
2025-09-19 22:54:03,410 [INFO] {
    "loss": 0.0005604,
    "pesq": 2.30627,
    "avg_acc_identity": 1.0,
    "avg_acc_distorted": 0.9987
}
2025-09-19 22:56:17,303 [INFO] {
    "loss": 0.000558,
    "pesq": 2.31265,
    "avg_acc_identity": 1.0,
    "avg_acc_distorted": 0.9987
}
2025-09-19 22:58:31,250 [INFO] {
    "loss": 0.0005624,
    "pesq": 2.31907,
    "avg_acc_identity": 1.0,
    "avg_acc_distorted": 0.9987
}
2025-09-19 23:00:44,432 [INFO] {
    "loss": 0.0005573,
    "pesq": 2.31527,
    "avg_acc_identity": 1.0,
    "avg_acc_distorted": 0.9986
}
2025-09-19 23:02:57,856 [INFO] {
    "loss": 0.0005632,
    "pesq": 2.30537,
    "avg_acc_identity": 1.0,
    "avg_acc_distorted": 0.998
}
2025-09-19 23:05:10,769 [INFO] {
    "loss": 0.0005687,
    "pesq": 2.29541,
    "avg_acc_identity": 1.0,
    "avg_acc_distorted": 0.9978
}
2025-09-19 23:07:24,766 [INFO] {
    "loss": 0.0005643,
    "pesq": 2.29966,
    "avg_acc_identity": 1.0,
    "avg_acc_distorted": 0.9978
}
2025-09-19 23:09:38,545 [INFO] {
    "loss": 0.0005618,
    "pesq": 2.30513,
    "avg_acc_identity": 1.0,
    "avg_acc_distorted": 0.9978
}
2025-09-19 23:11:52,875 [INFO] {
    "loss": 0.0005614,
    "pesq": 2.30957,
    "avg_acc_identity": 1.0,
    "avg_acc_distorted": 0.9978
}
2025-09-19 23:14:06,653 [INFO] {
    "loss": 0.0005613,
    "pesq": 2.31698,
    "avg_acc_identity": 1.0,
    "avg_acc_distorted": 0.9978
}
2025-09-19 23:16:20,857 [INFO] {
    "loss": 0.000561,
    "pesq": 2.31569,
    "avg_acc_identity": 1.0,
    "avg_acc_distorted": 0.9976
}
2025-09-19 23:18:35,329 [INFO] {
    "loss": 0.0005609,
    "pesq": 2.309,
    "avg_acc_identity": 1.0,
    "avg_acc_distorted": 0.9975
}
2025-09-19 23:20:48,822 [INFO] {
    "loss": 0.0005608,
    "pesq": 2.3098,
    "avg_acc_identity": 1.0,
    "avg_acc_distorted": 0.9974
}
2025-09-19 23:23:02,422 [INFO] {
    "loss": 0.0005619,
    "pesq": 2.31277,
    "avg_acc_identity": 1.0,
    "avg_acc_distorted": 0.9974
}
2025-09-19 23:25:15,715 [INFO] {
    "loss": 0.0005598,
    "pesq": 2.31723,
    "avg_acc_identity": 1.0,
    "avg_acc_distorted": 0.9975
}
2025-09-19 23:27:29,096 [INFO] {
    "loss": 0.0005634,
    "pesq": 2.31792,
    "avg_acc_identity": 1.0,
    "avg_acc_distorted": 0.9975
}
2025-09-19 23:29:43,715 [INFO] {
    "loss": 0.0005621,
    "pesq": 2.31815,
    "avg_acc_identity": 1.0,
    "avg_acc_distorted": 0.9975
}
2025-09-19 23:31:57,482 [INFO] {
    "loss": 0.0005615,
    "pesq": 2.31947,
    "avg_acc_identity": 1.0,
    "avg_acc_distorted": 0.9975
}
2025-09-19 23:34:11,129 [INFO] {
    "loss": 0.0005606,
    "pesq": 2.31866,
    "avg_acc_identity": 1.0,
    "avg_acc_distorted": 0.9975
}
2025-09-19 23:36:24,966 [INFO] {
    "loss": 0.0005622,
    "pesq": 2.3193,
    "avg_acc_identity": 1.0,
    "avg_acc_distorted": 0.9975
}
2025-09-19 23:38:39,356 [INFO] {
    "loss": 0.0005613,
    "pesq": 2.32008,
    "avg_acc_identity": 1.0,
    "avg_acc_distorted": 0.9975
}
2025-09-19 23:40:53,307 [INFO] {
    "loss": 0.0005631,
    "pesq": 2.32269,
    "avg_acc_identity": 1.0,
    "avg_acc_distorted": 0.9975
}
2025-09-19 23:43:06,500 [INFO] {
    "loss": 0.0005635,
    "pesq": 2.32377,
    "avg_acc_identity": 1.0,
    "avg_acc_distorted": 0.9975
}
2025-09-19 23:45:20,318 [INFO] {
    "loss": 0.0005632,
    "pesq": 2.31932,
    "avg_acc_identity": 1.0,
    "avg_acc_distorted": 0.9975
}
2025-09-19 23:47:34,674 [INFO] {
    "loss": 0.0005629,
    "pesq": 2.31901,
    "avg_acc_identity": 1.0,
    "avg_acc_distorted": 0.9974
}
2025-09-19 23:49:49,277 [INFO] {
    "loss": 0.0005616,
    "pesq": 2.32014,
    "avg_acc_identity": 1.0,
    "avg_acc_distorted": 0.9974
}
2025-09-19 23:52:03,227 [INFO] {
    "loss": 0.0005617,
    "pesq": 2.31968,
    "avg_acc_identity": 1.0,
    "avg_acc_distorted": 0.9974
}
2025-09-19 23:52:06,441 [INFO] {
    "loss": 0.0004677,
    "pesq": 2.3409,
    "avg_acc": 1.0
}
2025-09-19 23:53:13,015 [INFO] {
    "loss": 0.0005604,
    "pesq": 2.4053,
    "avg_acc": 1.0
}
2025-09-19 23:53:30,075 [INFO] Checkpoint saved: model_ckpts/lj/cl/wm_model_lj_pesq_2.403000524044037_acc_1.0.pt | Acc: 1.0, PESQ: 2.403000524044037
2025-09-19 23:53:30,075 [INFO] Decreased lambda m to 4.8828125e-05
2025-09-19 23:53:32,690 [INFO] {
    "loss": 0.0004036,
    "pesq": 2.49736,
    "avg_acc_identity": 1.0,
    "avg_acc_distorted": 1.0
}
2025-09-19 23:55:44,910 [INFO] {
    "loss": 0.0004718,
    "pesq": 2.45013,
    "avg_acc_identity": 0.9998,
    "avg_acc_distorted": 0.9953
}
2025-09-19 23:57:58,167 [INFO] {
    "loss": 0.0004709,
    "pesq": 2.49057,
    "avg_acc_identity": 0.9999,
    "avg_acc_distorted": 0.9958
}
2025-09-20 00:00:12,430 [INFO] {
    "loss": 0.0004751,
    "pesq": 2.52076,
    "avg_acc_identity": 0.9999,
    "avg_acc_distorted": 0.9962
}
2025-09-20 00:02:25,748 [INFO] {
    "loss": 0.0004741,
    "pesq": 2.5373,
    "avg_acc_identity": 1.0,
    "avg_acc_distorted": 0.9962
}
2025-09-20 00:04:39,243 [INFO] {
    "loss": 0.0004658,
    "pesq": 2.54639,
    "avg_acc_identity": 1.0,
    "avg_acc_distorted": 0.9964
}
2025-09-20 00:06:52,754 [INFO] {
    "loss": 0.0004654,
    "pesq": 2.54199,
    "avg_acc_identity": 1.0,
    "avg_acc_distorted": 0.9962
}
2025-09-20 00:09:05,763 [INFO] {
    "loss": 0.0004684,
    "pesq": 2.53025,
    "avg_acc_identity": 1.0,
    "avg_acc_distorted": 0.9957
}
2025-09-20 00:11:18,809 [INFO] {
    "loss": 0.0004733,
    "pesq": 2.52937,
    "avg_acc_identity": 1.0,
    "avg_acc_distorted": 0.9953
}
2025-09-20 00:13:32,810 [INFO] {
    "loss": 0.0004736,
    "pesq": 2.52789,
    "avg_acc_identity": 1.0,
    "avg_acc_distorted": 0.9952
}
2025-09-20 00:15:45,501 [INFO] {
    "loss": 0.0004724,
    "pesq": 2.53386,
    "avg_acc_identity": 1.0,
    "avg_acc_distorted": 0.9953
}
2025-09-20 00:18:01,131 [INFO] {
    "loss": 0.0004726,
    "pesq": 2.54171,
    "avg_acc_identity": 1.0,
    "avg_acc_distorted": 0.9955
}
2025-09-20 00:20:15,283 [INFO] {
    "loss": 0.0004718,
    "pesq": 2.54505,
    "avg_acc_identity": 1.0,
    "avg_acc_distorted": 0.9954
}
2025-09-20 00:22:29,055 [INFO] {
    "loss": 0.0004716,
    "pesq": 2.54351,
    "avg_acc_identity": 1.0,
    "avg_acc_distorted": 0.9953
}
2025-09-20 00:24:43,140 [INFO] {
    "loss": 0.0004712,
    "pesq": 2.54427,
    "avg_acc_identity": 1.0,
    "avg_acc_distorted": 0.9953
}
2025-09-20 00:26:58,659 [INFO] {
    "loss": 0.0004723,
    "pesq": 2.54725,
    "avg_acc_identity": 1.0,
    "avg_acc_distorted": 0.9954
}
2025-09-20 00:29:12,453 [INFO] {
    "loss": 0.0004722,
    "pesq": 2.55195,
    "avg_acc_identity": 1.0,
    "avg_acc_distorted": 0.9955
}
2025-09-20 00:31:25,075 [INFO] {
    "loss": 0.0004729,
    "pesq": 2.55509,
    "avg_acc_identity": 1.0,
    "avg_acc_distorted": 0.9955
}
2025-09-20 00:33:38,233 [INFO] {
    "loss": 0.0004719,
    "pesq": 2.55953,
    "avg_acc_identity": 1.0,
    "avg_acc_distorted": 0.9955
}
2025-09-20 00:35:52,162 [INFO] {
    "loss": 0.0004708,
    "pesq": 2.56016,
    "avg_acc_identity": 1.0,
    "avg_acc_distorted": 0.9956
}
2025-09-20 00:38:06,315 [INFO] {
    "loss": 0.0004726,
    "pesq": 2.55912,
    "avg_acc_identity": 1.0,
    "avg_acc_distorted": 0.9956
}
2025-09-20 00:40:20,938 [INFO] {
    "loss": 0.0004714,
    "pesq": 2.56017,
    "avg_acc_identity": 1.0,
    "avg_acc_distorted": 0.9956
}
2025-09-20 00:42:35,031 [INFO] {
    "loss": 0.0004714,
    "pesq": 2.56065,
    "avg_acc_identity": 1.0,
    "avg_acc_distorted": 0.9955
}
2025-09-20 00:44:49,013 [INFO] {
    "loss": 0.0004706,
    "pesq": 2.56014,
    "avg_acc_identity": 1.0,
    "avg_acc_distorted": 0.9955
}
2025-09-20 00:47:02,729 [INFO] {
    "loss": 0.0004715,
    "pesq": 2.56118,
    "avg_acc_identity": 1.0,
    "avg_acc_distorted": 0.9955
}
2025-09-20 00:49:17,937 [INFO] {
    "loss": 0.0004708,
    "pesq": 2.56263,
    "avg_acc_identity": 1.0,
    "avg_acc_distorted": 0.9956
}
2025-09-20 00:51:32,171 [INFO] {
    "loss": 0.000469,
    "pesq": 2.56381,
    "avg_acc_identity": 1.0,
    "avg_acc_distorted": 0.9956
}
2025-09-20 00:53:45,910 [INFO] {
    "loss": 0.0004703,
    "pesq": 2.56349,
    "avg_acc_identity": 1.0,
    "avg_acc_distorted": 0.9956
}
2025-09-20 00:56:00,317 [INFO] {
    "loss": 0.0004692,
    "pesq": 2.56353,
    "avg_acc_identity": 1.0,
    "avg_acc_distorted": 0.9956
}
2025-09-20 00:58:14,223 [INFO] {
    "loss": 0.0004695,
    "pesq": 2.56533,
    "avg_acc_identity": 1.0,
    "avg_acc_distorted": 0.9956
}
2025-09-20 01:00:27,165 [INFO] {
    "loss": 0.0004691,
    "pesq": 2.56664,
    "avg_acc_identity": 1.0,
    "avg_acc_distorted": 0.9957
}
2025-09-20 01:00:29,322 [INFO] {
    "loss": 0.0003758,
    "pesq": 2.7165,
    "avg_acc": 1.0
}
2025-09-20 01:01:37,557 [INFO] {
    "loss": 0.0004692,
    "pesq": 2.6385,
    "avg_acc": 1.0
}
2025-09-20 01:01:54,640 [INFO] Checkpoint saved: model_ckpts/lj/cl/wm_model_lj_pesq_2.641973177909851_acc_1.0.pt | Acc: 1.0, PESQ: 2.641973177909851
2025-09-20 01:01:54,640 [INFO] Decreased lambda m to 2.44140625e-05
2025-09-20 01:01:59,487 [INFO] {
    "loss": 0.0008708,
    "pesq": 2.77279,
    "avg_acc_identity": 1.0,
    "avg_acc_distorted": 1.0
}
2025-09-20 01:04:11,086 [INFO] {
    "loss": 0.0004146,
    "pesq": 2.71979,
    "avg_acc_identity": 0.9998,
    "avg_acc_distorted": 0.9915
}
2025-09-20 10:29:45,656 [INFO] {
    "loss": 0.0004193,
    "pesq": 2.75497,
    "avg_acc_identity": 0.9999,
    "avg_acc_distorted": 0.9926
}
2025-09-20 10:31:59,296 [INFO] {
    "loss": 0.0004199,
    "pesq": 2.77558,
    "avg_acc_identity": 0.9999,
    "avg_acc_distorted": 0.9931
}
2025-09-20 10:34:11,654 [INFO] {
    "loss": 0.0004333,
    "pesq": 2.78164,
    "avg_acc_identity": 1.0,
    "avg_acc_distorted": 0.993
}
2025-09-20 10:36:25,585 [INFO] {
    "loss": 0.0004279,
    "pesq": 2.78732,
    "avg_acc_identity": 1.0,
    "avg_acc_distorted": 0.993
}
2025-09-20 10:38:38,250 [INFO] {
    "loss": 0.0004304,
    "pesq": 2.79425,
    "avg_acc_identity": 1.0,
    "avg_acc_distorted": 0.9926
}
2025-09-20 10:40:51,822 [INFO] {
    "loss": 0.0004317,
    "pesq": 2.79499,
    "avg_acc_identity": 1.0,
    "avg_acc_distorted": 0.992
}
2025-09-20 10:43:06,721 [INFO] {
    "loss": 0.0004275,
    "pesq": 2.80366,
    "avg_acc_identity": 1.0,
    "avg_acc_distorted": 0.9923
}
2025-09-20 10:45:20,167 [INFO] {
    "loss": 0.0004237,
    "pesq": 2.81002,
    "avg_acc_identity": 1.0,
    "avg_acc_distorted": 0.9923
}
2025-09-20 10:47:32,982 [INFO] {
    "loss": 0.0004199,
    "pesq": 2.81305,
    "avg_acc_identity": 1.0,
    "avg_acc_distorted": 0.9923
}
2025-09-20 10:49:45,995 [INFO] {
    "loss": 0.000419,
    "pesq": 2.81204,
    "avg_acc_identity": 1.0,
    "avg_acc_distorted": 0.9922
}
2025-09-20 10:52:00,780 [INFO] {
    "loss": 0.000418,
    "pesq": 2.81421,
    "avg_acc_identity": 1.0,
    "avg_acc_distorted": 0.9922
}
2025-09-20 10:54:13,957 [INFO] {
    "loss": 0.0004177,
    "pesq": 2.81706,
    "avg_acc_identity": 1.0,
    "avg_acc_distorted": 0.9923
}
2025-09-20 10:56:28,532 [INFO] {
    "loss": 0.0004148,
    "pesq": 2.81959,
    "avg_acc_identity": 1.0,
    "avg_acc_distorted": 0.9921
}
2025-09-20 10:58:42,065 [INFO] {
    "loss": 0.0004187,
    "pesq": 2.81926,
    "avg_acc_identity": 1.0,
    "avg_acc_distorted": 0.9919
}
2025-09-20 11:00:56,248 [INFO] {
    "loss": 0.0004194,
    "pesq": 2.81885,
    "avg_acc_identity": 1.0,
    "avg_acc_distorted": 0.9919
}
